# JRE version: OpenJDK Runtime Environment (8.0_202-b03) (build 1.8.0_202-release-1483-b03)
# Java VM: OpenJDK 64-Bit Server VM (25.202-b03 mixed mode windows-amd64 compressed oops)
Heap:
 PSYoungGen      total 75776K, used 10232K [0x00000000e0000000, 0x00000000e5400000, 0x0000000100000000)
  eden space 65536K, 0% used [0x00000000e0000000,0x00000000e0000000,0x00000000e4000000)
  from space 10240K, 99% used [0x00000000e4000000,0x00000000e49fe0f0,0x00000000e4a00000)
  to   space 9728K, 0% used [0x00000000e4a80000,0x00000000e4a80000,0x00000000e5400000)
 ParOldGen       total 59904K, used 12047K [0x00000000a0000000, 0x00000000a3a80000, 0x00000000e0000000)
  object space 59904K, 20% used [0x00000000a0000000,0x00000000a0bc3fe8,0x00000000a3a80000)
 Metaspace       used 34609K, capacity 35372K, committed 35456K, reserved 1079296K
  class space    used 4766K, capacity 4954K, committed 4992K, reserved 1048576K
GC Heap History (10 events):
Event: 4.427 GC heap after
Heap after GC invocations=6 (full 0):
 PSYoungGen      total 75264K, used 7417K [0x00000000e0000000, 0x00000000e5400000, 0x0000000100000000)
  eden space 65536K, 0% used [0x00000000e0000000,0x00000000e0000000,0x00000000e4000000)
  from space 9728K, 76% used [0x00000000e4a80000,0x00000000e51be728,0x00000000e5400000)
  to   space 10240K, 0% used [0x00000000e4000000,0x00000000e4000000,0x00000000e4a00000)
 ParOldGen       total 86016K, used 8404K [0x00000000a0000000, 0x00000000a5400000, 0x00000000e0000000)
  object space 86016K, 9% used [0x00000000a0000000,0x00000000a08351e0,0x00000000a5400000)
 Metaspace       used 20676K, capacity 21134K, committed 21296K, reserved 1067008K
  class space    used 2953K, capacity 3119K, committed 3200K, reserved 1048576K
}
Event: 4.427 GC heap before
{Heap before GC invocations=7 (full 1):
 PSYoungGen      total 75264K, used 7417K [0x00000000e0000000, 0x00000000e5400000, 0x0000000100000000)
  eden space 65536K, 0% used [0x00000000e0000000,0x00000000e0000000,0x00000000e4000000)
  from space 9728K, 76% used [0x00000000e4a80000,0x00000000e51be728,0x00000000e5400000)
  to   space 10240K, 0% used [0x00000000e4000000,0x00000000e4000000,0x00000000e4a00000)
 ParOldGen       total 86016K, used 8404K [0x00000000a0000000, 0x00000000a5400000, 0x00000000e0000000)
  object space 86016K, 9% used [0x00000000a0000000,0x00000000a08351e0,0x00000000a5400000)
 Metaspace       used 20676K, capacity 21134K, committed 21296K, reserved 1067008K
  class space    used 2953K, capacity 3119K, committed 3200K, reserved 1048576K
Event: 4.490 GC heap after
Heap after GC invocations=7 (full 1):
 PSYoungGen      total 75264K, used 0K [0x00000000e0000000, 0x00000000e5400000, 0x0000000100000000)
  eden space 65536K, 0% used [0x00000000e0000000,0x00000000e0000000,0x00000000e4000000)
  from space 9728K, 0% used [0x00000000e4a80000,0x00000000e4a80000,0x00000000e5400000)
  to   space 10240K, 0% used [0x00000000e4000000,0x00000000e4000000,0x00000000e4a00000)
 ParOldGen       total 59904K, used 10996K [0x00000000a0000000, 0x00000000a3a80000, 0x00000000e0000000)
  object space 59904K, 18% used [0x00000000a0000000,0x00000000a0abd230,0x00000000a3a80000)
 Metaspace       used 20676K, capacity 21134K, committed 21296K, reserved 1067008K
  class space    used 2953K, capacity 3119K, committed 3200K, reserved 1048576K
}
Event: 5.738 GC heap before
{Heap before GC invocations=8 (full 1):
 PSYoungGen      total 75264K, used 65536K [0x00000000e0000000, 0x00000000e5400000, 0x0000000100000000)
  eden space 65536K, 100% used [0x00000000e0000000,0x00000000e4000000,0x00000000e4000000)
  from space 9728K, 0% used [0x00000000e4a80000,0x00000000e4a80000,0x00000000e5400000)
  to   space 10240K, 0% used [0x00000000e4000000,0x00000000e4000000,0x00000000e4a00000)
 ParOldGen       total 59904K, used 10996K [0x00000000a0000000, 0x00000000a3a80000, 0x00000000e0000000)
  object space 59904K, 18% used [0x00000000a0000000,0x00000000a0abd230,0x00000000a3a80000)
 Metaspace       used 28897K, capacity 29410K, committed 29696K, reserved 1075200K
  class space    used 3902K, capacity 4096K, committed 4096K, reserved 1048576K
Event: 5.764 GC heap after
Heap after GC invocations=8 (full 1):
 PSYoungGen      total 75776K, used 7917K [0x00000000e0000000, 0x00000000e5400000, 0x0000000100000000)
  eden space 65536K, 0% used [0x00000000e0000000,0x00000000e0000000,0x00000000e4000000)
  from space 10240K, 77% used [0x00000000e4000000,0x00000000e47bb438,0x00000000e4a00000)
  to   space 9728K, 0% used [0x00000000e4a80000,0x00000000e4a80000,0x00000000e5400000)
 ParOldGen       total 59904K, used 11004K [0x00000000a0000000, 0x00000000a3a80000, 0x00000000e0000000)
  object space 59904K, 18% used [0x00000000a0000000,0x00000000a0abf230,0x00000000a3a80000)
 Metaspace       used 28897K, capacity 29410K, committed 29696K, reserved 1075200K
  class space    used 3902K, capacity 4096K, committed 4096K, reserved 1048576K
}
Event: 6.808 GC heap before
{Heap before GC invocations=9 (full 1):
 PSYoungGen      total 75776K, used 73453K [0x00000000e0000000, 0x00000000e5400000, 0x0000000100000000)
  eden space 65536K, 100% used [0x00000000e0000000,0x00000000e4000000,0x00000000e4000000)
  from space 10240K, 77% used [0x00000000e4000000,0x00000000e47bb438,0x00000000e4a00000)
  to   space 9728K, 0% used [0x00000000e4a80000,0x00000000e4a80000,0x00000000e5400000)
 ParOldGen       total 59904K, used 11004K [0x00000000a0000000, 0x00000000a3a80000, 0x00000000e0000000)
  object space 59904K, 18% used [0x00000000a0000000,0x00000000a0abf230,0x00000000a3a80000)
 Metaspace       used 31954K, capacity 32550K, committed 32768K, reserved 1077248K
  class space    used 4399K, capacity 4588K, committed 4608K, reserved 1048576K
Event: 6.825 GC heap after
Heap after GC invocations=9 (full 1):
 PSYoungGen      total 75264K, used 8689K [0x00000000e0000000, 0x00000000e5400000, 0x0000000100000000)
  eden space 65536K, 0% used [0x00000000e0000000,0x00000000e0000000,0x00000000e4000000)
  from space 9728K, 89% used [0x00000000e4a80000,0x00000000e52fc6d8,0x00000000e5400000)
  to   space 10240K, 0% used [0x00000000e4000000,0x00000000e4000000,0x00000000e4a00000)
 ParOldGen       total 59904K, used 11012K [0x00000000a0000000, 0x00000000a3a80000, 0x00000000e0000000)
  object space 59904K, 18% used [0x00000000a0000000,0x00000000a0ac1230,0x00000000a3a80000)
 Metaspace       used 31954K, capacity 32550K, committed 32768K, reserved 1077248K
  class space    used 4399K, capacity 4588K, committed 4608K, reserved 1048576K
}
Event: 8.078 GC heap before
{Heap before GC invocations=10 (full 1):
 PSYoungGen      total 75264K, used 65599K [0x00000000e0000000, 0x00000000e5400000, 0x0000000100000000)
  eden space 65536K, 86% used [0x00000000e0000000,0x00000000e37936d8,0x00000000e4000000)
  from space 9728K, 89% used [0x00000000e4a80000,0x00000000e52fc6d8,0x00000000e5400000)
  to   space 10240K, 0% used [0x00000000e4000000,0x00000000e4000000,0x00000000e4a00000)
 ParOldGen       total 59904K, used 11012K [0x00000000a0000000, 0x00000000a3a80000, 0x00000000e0000000)
  object space 59904K, 18% used [0x00000000a0000000,0x00000000a0ac1230,0x00000000a3a80000)
 Metaspace       used 34609K, capacity 35372K, committed 35456K, reserved 1079296K
  class space    used 4766K, capacity 4954K, committed 4992K, reserved 1048576K
Event: 8.116 GC heap after
Heap after GC invocations=10 (full 1):
 PSYoungGen      total 75776K, used 10232K [0x00000000e0000000, 0x00000000e5400000, 0x0000000100000000)
  eden space 65536K, 0% used [0x00000000e0000000,0x00000000e0000000,0x00000000e4000000)
  from space 10240K, 99% used [0x00000000e4000000,0x00000000e49fe0f0,0x00000000e4a00000)
  to   space 9728K, 0% used [0x00000000e4a80000,0x00000000e4a80000,0x00000000e5400000)
 ParOldGen       total 59904K, used 12047K [0x00000000a0000000, 0x00000000a3a80000, 0x00000000e0000000)
  object space 59904K, 20% used [0x00000000a0000000,0x00000000a0bc3fe8,0x00000000a3a80000)
 Metaspace       used 34609K, capacity 35372K, committed 35456K, reserved 1079296K
  class space    used 4766K, capacity 4954K, committed 4992K, reserved 1048576K
}
Event: 8.116 GC heap before
{Heap before GC invocations=11 (full 2):
 PSYoungGen      total 75776K, used 10232K [0x00000000e0000000, 0x00000000e5400000, 0x0000000100000000)
  eden space 65536K, 0% used [0x00000000e0000000,0x00000000e0000000,0x00000000e4000000)
  from space 10240K, 99% used [0x00000000e4000000,0x00000000e49fe0f0,0x00000000e4a00000)
  to   space 9728K, 0% used [0x00000000e4a80000,0x00000000e4a80000,0x00000000e5400000)
 ParOldGen       total 59904K, used 12047K [0x00000000a0000000, 0x00000000a3a80000, 0x00000000e0000000)
  object space 59904K, 20% used [0x00000000a0000000,0x00000000a0bc3fe8,0x00000000a3a80000)
 Metaspace       used 34609K, capacity 35372K, committed 35456K, reserved 1079296K
  class space    used 4766K, capacity 4954K, committed 4992K, reserved 1048576K

