# JRE version: OpenJDK Runtime Environment (8.0_202-b03) (build 1.8.0_202-release-1483-b03)
# Java VM: OpenJDK 64-Bit Server VM (25.202-b03 mixed mode windows-amd64 compressed oops)
Heap:
 PSYoungGen      total 193024K, used 23363K [0x00000000e0000000, 0x00000000eea00000, 0x0000000100000000)
  eden space 174592K, 5% used [0x00000000e0000000,0x00000000e093b380,0x00000000eaa80000)
  from space 18432K, 75% used [0x00000000eaa80000,0x00000000eb815c50,0x00000000ebc80000)
  to   space 19456K, 0% used [0x00000000ed700000,0x00000000ed700000,0x00000000eea00000)
 ParOldGen       total 136704K, used 34595K [0x00000000a0000000, 0x00000000a8580000, 0x00000000e0000000)
  object space 136704K, 25% used [0x00000000a0000000,0x00000000a21c8ef0,0x00000000a8580000)
 Metaspace       used 65463K, capacity 67666K, committed 67928K, reserved 1107968K
  class space    used 8598K, capacity 9071K, committed 9088K, reserved 1048576K
GC Heap History (10 events):
Event: 18.320 GC heap before
{Heap before GC invocations=12 (full 2):
 PSYoungGen      total 117760K, used 107008K [0x00000000e0000000, 0x00000000ea680000, 0x0000000100000000)
  eden space 107008K, 100% used [0x00000000e0000000,0x00000000e6880000,0x00000000e6880000)
  from space 10752K, 0% used [0x00000000e6880000,0x00000000e6880000,0x00000000e7300000)
  to   space 12288K, 0% used [0x00000000e9a80000,0x00000000e9a80000,0x00000000ea680000)
 ParOldGen       total 88064K, used 18124K [0x00000000a0000000, 0x00000000a5600000, 0x00000000e0000000)
  object space 88064K, 20% used [0x00000000a0000000,0x00000000a11b3028,0x00000000a5600000)
 Metaspace       used 45401K, capacity 46296K, committed 46552K, reserved 1089536K
  class space    used 6096K, capacity 6332K, committed 6400K, reserved 1048576K
Event: 18.347 GC heap after
Heap after GC invocations=12 (full 2):
 PSYoungGen      total 148992K, used 12284K [0x00000000e0000000, 0x00000000ea680000, 0x0000000100000000)
  eden space 136704K, 0% used [0x00000000e0000000,0x00000000e0000000,0x00000000e8580000)
  from space 12288K, 99% used [0x00000000e9a80000,0x00000000ea67f008,0x00000000ea680000)
  to   space 14336K, 0% used [0x00000000e8a80000,0x00000000e8a80000,0x00000000e9880000)
 ParOldGen       total 88064K, used 20008K [0x00000000a0000000, 0x00000000a5600000, 0x00000000e0000000)
  object space 88064K, 22% used [0x00000000a0000000,0x00000000a138a0b0,0x00000000a5600000)
 Metaspace       used 45401K, capacity 46296K, committed 46552K, reserved 1089536K
  class space    used 6096K, capacity 6332K, committed 6400K, reserved 1048576K
}
Event: 22.429 GC heap before
{Heap before GC invocations=13 (full 2):
 PSYoungGen      total 148992K, used 148988K [0x00000000e0000000, 0x00000000ea680000, 0x0000000100000000)
  eden space 136704K, 100% used [0x00000000e0000000,0x00000000e8580000,0x00000000e8580000)
  from space 12288K, 99% used [0x00000000e9a80000,0x00000000ea67f008,0x00000000ea680000)
  to   space 14336K, 0% used [0x00000000e8a80000,0x00000000e8a80000,0x00000000e9880000)
 ParOldGen       total 88064K, used 20008K [0x00000000a0000000, 0x00000000a5600000, 0x00000000e0000000)
  object space 88064K, 22% used [0x00000000a0000000,0x00000000a138a0b0,0x00000000a5600000)
 Metaspace       used 53774K, capacity 55154K, committed 55256K, reserved 1097728K
  class space    used 7288K, capacity 7626K, committed 7680K, reserved 1048576K
Event: 22.479 GC heap after
Heap after GC invocations=13 (full 2):
 PSYoungGen      total 156160K, used 14321K [0x00000000e0000000, 0x00000000ecf00000, 0x0000000100000000)
  eden space 141824K, 0% used [0x00000000e0000000,0x00000000e0000000,0x00000000e8a80000)
  from space 14336K, 99% used [0x00000000e8a80000,0x00000000e987c520,0x00000000e9880000)
  to   space 18944K, 0% used [0x00000000ebc80000,0x00000000ebc80000,0x00000000ecf00000)
 ParOldGen       total 88064K, used 27194K [0x00000000a0000000, 0x00000000a5600000, 0x00000000e0000000)
  object space 88064K, 30% used [0x00000000a0000000,0x00000000a1a8eb08,0x00000000a5600000)
 Metaspace       used 53774K, capacity 55154K, committed 55256K, reserved 1097728K
  class space    used 7288K, capacity 7626K, committed 7680K, reserved 1048576K
}
Event: 25.321 GC heap before
{Heap before GC invocations=14 (full 2):
 PSYoungGen      total 156160K, used 61205K [0x00000000e0000000, 0x00000000ecf00000, 0x0000000100000000)
  eden space 141824K, 33% used [0x00000000e0000000,0x00000000e2dc9128,0x00000000e8a80000)
  from space 14336K, 99% used [0x00000000e8a80000,0x00000000e987c520,0x00000000e9880000)
  to   space 18944K, 0% used [0x00000000ebc80000,0x00000000ebc80000,0x00000000ecf00000)
 ParOldGen       total 88064K, used 27194K [0x00000000a0000000, 0x00000000a5600000, 0x00000000e0000000)
  object space 88064K, 30% used [0x00000000a0000000,0x00000000a1a8eb08,0x00000000a5600000)
 Metaspace       used 57287K, capacity 58924K, committed 59028K, reserved 1099776K
  class space    used 7705K, capacity 8102K, committed 8192K, reserved 1048576K
Event: 25.354 GC heap after
Heap after GC invocations=14 (full 2):
 PSYoungGen      total 193536K, used 5134K [0x00000000e0000000, 0x00000000ed400000, 0x0000000100000000)
  eden space 174592K, 0% used [0x00000000e0000000,0x00000000e0000000,0x00000000eaa80000)
  from space 18944K, 27% used [0x00000000ebc80000,0x00000000ec183ba8,0x00000000ecf00000)
  to   space 18432K, 0% used [0x00000000eaa80000,0x00000000eaa80000,0x00000000ebc80000)
 ParOldGen       total 88064K, used 35416K [0x00000000a0000000, 0x00000000a5600000, 0x00000000e0000000)
  object space 88064K, 40% used [0x00000000a0000000,0x00000000a2296358,0x00000000a5600000)
 Metaspace       used 57287K, capacity 58924K, committed 59028K, reserved 1099776K
  class space    used 7705K, capacity 8102K, committed 8192K, reserved 1048576K
}
Event: 25.354 GC heap before
{Heap before GC invocations=15 (full 3):
 PSYoungGen      total 193536K, used 5134K [0x00000000e0000000, 0x00000000ed400000, 0x0000000100000000)
  eden space 174592K, 0% used [0x00000000e0000000,0x00000000e0000000,0x00000000eaa80000)
  from space 18944K, 27% used [0x00000000ebc80000,0x00000000ec183ba8,0x00000000ecf00000)
  to   space 18432K, 0% used [0x00000000eaa80000,0x00000000eaa80000,0x00000000ebc80000)
 ParOldGen       total 88064K, used 35416K [0x00000000a0000000, 0x00000000a5600000, 0x00000000e0000000)
  object space 88064K, 40% used [0x00000000a0000000,0x00000000a2296358,0x00000000a5600000)
 Metaspace       used 57287K, capacity 58924K, committed 59028K, reserved 1099776K
  class space    used 7705K, capacity 8102K, committed 8192K, reserved 1048576K
Event: 25.967 GC heap after
Heap after GC invocations=15 (full 3):
 PSYoungGen      total 193536K, used 0K [0x00000000e0000000, 0x00000000ed400000, 0x0000000100000000)
  eden space 174592K, 0% used [0x00000000e0000000,0x00000000e0000000,0x00000000eaa80000)
  from space 18944K, 0% used [0x00000000ebc80000,0x00000000ebc80000,0x00000000ecf00000)
  to   space 18432K, 0% used [0x00000000eaa80000,0x00000000eaa80000,0x00000000ebc80000)
 ParOldGen       total 136704K, used 34587K [0x00000000a0000000, 0x00000000a8580000, 0x00000000e0000000)
  object space 136704K, 25% used [0x00000000a0000000,0x00000000a21c6ef0,0x00000000a8580000)
 Metaspace       used 57287K, capacity 58924K, committed 59028K, reserved 1099776K
  class space    used 7705K, capacity 8102K, committed 8192K, reserved 1048576K
}
Event: 1683.354 GC heap before
{Heap before GC invocations=16 (full 3):
 PSYoungGen      total 193536K, used 174592K [0x00000000e0000000, 0x00000000ed400000, 0x0000000100000000)
  eden space 174592K, 100% used [0x00000000e0000000,0x00000000eaa80000,0x00000000eaa80000)
  from space 18944K, 0% used [0x00000000ebc80000,0x00000000ebc80000,0x00000000ecf00000)
  to   space 18432K, 0% used [0x00000000eaa80000,0x00000000eaa80000,0x00000000ebc80000)
 ParOldGen       total 136704K, used 34587K [0x00000000a0000000, 0x00000000a8580000, 0x00000000e0000000)
  object space 136704K, 25% used [0x00000000a0000000,0x00000000a21c6ef0,0x00000000a8580000)
 Metaspace       used 65351K, capacity 67524K, committed 67672K, reserved 1107968K
  class space    used 8591K, capacity 9068K, committed 9088K, reserved 1048576K
Event: 1683.409 GC heap after
Heap after GC invocations=16 (full 3):
 PSYoungGen      total 193024K, used 13911K [0x00000000e0000000, 0x00000000eea00000, 0x0000000100000000)
  eden space 174592K, 0% used [0x00000000e0000000,0x00000000e0000000,0x00000000eaa80000)
  from space 18432K, 75% used [0x00000000eaa80000,0x00000000eb815c50,0x00000000ebc80000)
  to   space 19456K, 0% used [0x00000000ed700000,0x00000000ed700000,0x00000000eea00000)
 ParOldGen       total 136704K, used 34595K [0x00000000a0000000, 0x00000000a8580000, 0x00000000e0000000)
  object space 136704K, 25% used [0x00000000a0000000,0x00000000a21c8ef0,0x00000000a8580000)
 Metaspace       used 65351K, capacity 67524K, committed 67672K, reserved 1107968K
  class space    used 8591K, capacity 9068K, committed 9088K, reserved 1048576K
}

